<?xml version="1.0" encoding="UTF-8"?>
<!-- Generated by org.testng.reporters.JUnitReportReporter -->
<testsuite hostname="Bharath" failures="0" tests="1" name="com.orangehrm.crm.ai.AITest" time="4.452" errors="0" timestamp="2025-07-07T21:59:39 IST" skipped="0">
  <testcase classname="com.orangehrm.crm.ai.AITest" name="testAIResponse" time="4.452"/>
</testsuite> <!-- com.orangehrm.crm.ai.AITest -->
